c:\d\work\university\stage 3\final year project\c++ workspace\projects\attempt20150323\x64\release\attempt20150323.lib
c:\d\work\university\stage 3\final year project\c++ workspace\projects\attempt20150323\x64\release\attempt20150323.exp
c:\d\work\university\stage 3\final year project\c++ workspace\projects\attempt20150328\x64\release\attempt20150323.lib
c:\d\work\university\stage 3\final year project\c++ workspace\projects\attempt20150328\x64\release\attempt20150323.exp
c:\d\work\university\stage 3\final year project\c++ workspace\projects\attempt20150323\attempt20150207\x64\release\vc120.pdb
c:\d\work\university\stage 3\final year project\c++ workspace\projects\attempt20150323\attempt20150207\x64\release\wavelet2d.obj
c:\d\work\university\stage 3\final year project\c++ workspace\projects\attempt20150323\attempt20150207\x64\release\test_hsv_pixelbypixel.obj
c:\d\work\university\stage 3\final year project\c++ workspace\projects\attempt20150323\attempt20150207\x64\release\test_hsvb_tp.obj
c:\d\work\university\stage 3\final year project\c++ workspace\projects\attempt20150323\attempt20150207\x64\release\tester.obj
c:\d\work\university\stage 3\final year project\c++ workspace\projects\attempt20150323\attempt20150207\x64\release\neuralnetworkclassifier.obj
c:\d\work\university\stage 3\final year project\c++ workspace\projects\attempt20150323\attempt20150207\x64\release\main.obj
c:\d\work\university\stage 3\final year project\c++ workspace\projects\attempt20150323\attempt20150207\x64\release\imageanalyser_auxiliary.obj
c:\d\work\university\stage 3\final year project\c++ workspace\projects\attempt20150323\attempt20150207\x64\release\imageanalyser.obj
c:\d\work\university\stage 3\final year project\c++ workspace\projects\attempt20150323\attempt20150207\x64\release\globalvariables.obj
c:\d\work\university\stage 3\final year project\c++ workspace\projects\attempt20150323\attempt20150207\x64\release\datavisualiser.obj
c:\d\work\university\stage 3\final year project\c++ workspace\projects\attempt20150323\attempt20150207\x64\release\confusionmatrix.obj
c:\d\work\university\stage 3\final year project\c++ workspace\projects\attempt20150323\attempt20150207\x64\release\binaryconfusionmatrix.obj
c:\d\work\university\stage 3\final year project\c++ workspace\projects\attempt20150323\attempt20150207\x64\release\binaryadaboostclassifier.obj
c:\d\work\university\stage 3\final year project\c++ workspace\projects\attempt20150323\attempt20150207\x64\release\imageanalyser2.obj
c:\d\work\university\stage 3\final year project\c++ workspace\projects\attempt20150328\attempt20150207\x64\release\vc120.pdb
c:\d\work\university\stage 3\final year project\c++ workspace\projects\attempt20150328\attempt20150207\x64\release\wavelet2d.obj
c:\d\work\university\stage 3\final year project\c++ workspace\projects\attempt20150328\attempt20150207\x64\release\test_hsv_pixelbypixel.obj
c:\d\work\university\stage 3\final year project\c++ workspace\projects\attempt20150328\attempt20150207\x64\release\test_hsvb_tp.obj
c:\d\work\university\stage 3\final year project\c++ workspace\projects\attempt20150328\attempt20150207\x64\release\tester.obj
c:\d\work\university\stage 3\final year project\c++ workspace\projects\attempt20150328\attempt20150207\x64\release\neuralnetworkclassifier.obj
c:\d\work\university\stage 3\final year project\c++ workspace\projects\attempt20150328\attempt20150207\x64\release\main.obj
c:\d\work\university\stage 3\final year project\c++ workspace\projects\attempt20150328\attempt20150207\x64\release\imageanalyser_auxiliary.obj
c:\d\work\university\stage 3\final year project\c++ workspace\projects\attempt20150328\attempt20150207\x64\release\imageanalyser2.obj
c:\d\work\university\stage 3\final year project\c++ workspace\projects\attempt20150328\attempt20150207\x64\release\imageanalyser.obj
c:\d\work\university\stage 3\final year project\c++ workspace\projects\attempt20150328\attempt20150207\x64\release\globalvariables.obj
c:\d\work\university\stage 3\final year project\c++ workspace\projects\attempt20150328\attempt20150207\x64\release\datavisualiser.obj
c:\d\work\university\stage 3\final year project\c++ workspace\projects\attempt20150328\attempt20150207\x64\release\confusionmatrix.obj
c:\d\work\university\stage 3\final year project\c++ workspace\projects\attempt20150328\attempt20150207\x64\release\binaryconfusionmatrix.obj
c:\d\work\university\stage 3\final year project\c++ workspace\projects\attempt20150328\attempt20150207\x64\release\binaryadaboostclassifier.obj
c:\d\work\university\stage 3\final year project\c++ workspace\projects\attempt20150323\x64\release\attempt20150323.exe
c:\d\work\university\stage 3\final year project\c++ workspace\projects\attempt20150323\x64\release\attempt20150323.pdb
c:\d\work\university\stage 3\final year project\c++ workspace\projects\attempt20150328\x64\release\attempt20150323.exe
c:\d\work\university\stage 3\final year project\c++ workspace\projects\attempt20150328\x64\release\attempt20150323.pdb
c:\d\work\university\stage 3\final year project\c++ workspace\projects\attempt20150328\attempt20150207\x64\release\attempt20150323.tlog\attempt20150323.write.1u.tlog
c:\d\work\university\stage 3\final year project\c++ workspace\projects\attempt20150328\attempt20150207\x64\release\attempt20150323.tlog\cl.command.1.tlog
c:\d\work\university\stage 3\final year project\c++ workspace\projects\attempt20150328\attempt20150207\x64\release\attempt20150323.tlog\cl.read.1.tlog
c:\d\work\university\stage 3\final year project\c++ workspace\projects\attempt20150328\attempt20150207\x64\release\attempt20150323.tlog\cl.write.1.tlog
c:\d\work\university\stage 3\final year project\c++ workspace\projects\attempt20150328\attempt20150207\x64\release\attempt20150323.tlog\link.command.1.tlog
c:\d\work\university\stage 3\final year project\c++ workspace\projects\attempt20150328\attempt20150207\x64\release\attempt20150323.tlog\link.read.1.tlog
c:\d\work\university\stage 3\final year project\c++ workspace\projects\attempt20150328\attempt20150207\x64\release\attempt20150323.tlog\link.write.1.tlog
