c:\d\work\university\stage 3\final year project\c++ workspace\projects\attempt20150218\attempt20150207\x64\debug\vc120.pdb
c:\d\work\university\stage 3\final year project\c++ workspace\projects\attempt20150218\attempt20150207\x64\debug\vc120.idb
c:\d\work\university\stage 3\final year project\c++ workspace\projects\attempt20150218\attempt20150207\x64\debug\binaryadaboostclassifier.obj
c:\d\work\university\stage 3\final year project\c++ workspace\projects\attempt20150218\attempt20150207\x64\debug\binaryconfusionmatrix.obj
c:\d\work\university\stage 3\final year project\c++ workspace\projects\attempt20150218\attempt20150207\x64\debug\confusionmatrix.obj
c:\d\work\university\stage 3\final year project\c++ workspace\projects\attempt20150218\attempt20150207\x64\debug\datavisualiser.obj
c:\d\work\university\stage 3\final year project\c++ workspace\projects\attempt20150218\attempt20150207\x64\debug\globalvariables.obj
c:\d\work\university\stage 3\final year project\c++ workspace\projects\attempt20150218\attempt20150207\x64\debug\imageanalyser.obj
c:\d\work\university\stage 3\final year project\c++ workspace\projects\attempt20150218\attempt20150207\x64\debug\imageanalyser_auxiliary.obj
c:\d\work\university\stage 3\final year project\c++ workspace\projects\attempt20150218\attempt20150207\x64\debug\main.obj
c:\d\work\university\stage 3\final year project\c++ workspace\projects\attempt20150218\attempt20150207\x64\debug\neuralnetworkclassifier.obj
c:\d\work\university\stage 3\final year project\c++ workspace\projects\attempt20150218\attempt20150207\x64\debug\tester.obj
c:\d\work\university\stage 3\final year project\c++ workspace\projects\attempt20150218\attempt20150207\x64\debug\test_hsv_pixelbypixel.obj
c:\d\work\university\stage 3\final year project\c++ workspace\projects\attempt20150218\x64\debug\attempt20150207.ilk
c:\d\work\university\stage 3\final year project\c++ workspace\projects\attempt20150218\x64\debug\attempt20150207.exe
c:\d\work\university\stage 3\final year project\c++ workspace\projects\attempt20150218\x64\debug\attempt20150207.pdb
c:\d\work\university\stage 3\final year project\c++ workspace\projects\attempt20150218\attempt20150207\x64\debug\attempt20150207.tlog\cl.command.1.tlog
c:\d\work\university\stage 3\final year project\c++ workspace\projects\attempt20150218\attempt20150207\x64\debug\attempt20150207.tlog\cl.read.1.tlog
c:\d\work\university\stage 3\final year project\c++ workspace\projects\attempt20150218\attempt20150207\x64\debug\attempt20150207.tlog\cl.write.1.tlog
c:\d\work\university\stage 3\final year project\c++ workspace\projects\attempt20150218\attempt20150207\x64\debug\attempt20150207.tlog\link.command.1.tlog
c:\d\work\university\stage 3\final year project\c++ workspace\projects\attempt20150218\attempt20150207\x64\debug\attempt20150207.tlog\link.read.1.tlog
c:\d\work\university\stage 3\final year project\c++ workspace\projects\attempt20150218\attempt20150207\x64\debug\attempt20150207.tlog\link.write.1.tlog
